[debug] [2019-10-04T16:53:09.602Z] ----------------------------------------------------------------------
[debug] [2019-10-04T16:53:09.604Z] Command:       C:\Program Files\nodejs\node.exe C:\Users\lbattistella\AppData\Roaming\npm\node_modules\firebase-tools\lib\bin\firebase.js deploy
[debug] [2019-10-04T16:53:09.604Z] CLI Version:   7.4.0
[debug] [2019-10-04T16:53:09.604Z] Platform:      win32
[debug] [2019-10-04T16:53:09.604Z] Node Version:  v12.10.0
[debug] [2019-10-04T16:53:09.605Z] Time:          Fri Oct 04 2019 13:53:09 GMT-0300 (GMT-03:00)
[debug] [2019-10-04T16:53:09.605Z] ----------------------------------------------------------------------
[debug] 
[debug] [2019-10-04T16:53:09.611Z] > command requires scopes: ["email","openid","https://www.googleapis.com/auth/cloudplatformprojects.readonly","https://www.googleapis.com/auth/firebase","https://www.googleapis.com/auth/cloud-platform"]
[debug] [2019-10-04T16:53:09.611Z] > authorizing via signed-in user
[debug] [2019-10-04T16:53:09.611Z] [iam] checking project pwagram-48f41 for permissions ["cloudfunctions.functions.create","cloudfunctions.functions.delete","cloudfunctions.functions.get","cloudfunctions.functions.list","cloudfunctions.functions.update","cloudfunctions.operations.get","firebase.projects.get","firebasehosting.sites.update"]
[debug] [2019-10-04T16:53:09.612Z] > refreshing access token with scopes: ["email","https://www.googleapis.com/auth/cloud-platform","https://www.googleapis.com/auth/cloudplatformprojects.readonly","https://www.googleapis.com/auth/firebase","openid"]
[debug] [2019-10-04T16:53:09.613Z] >>> HTTP REQUEST POST https://www.googleapis.com/oauth2/v3/token  
 <request body omitted>
[debug] [2019-10-04T16:53:09.751Z] <<< HTTP RESPONSE 200
[debug] [2019-10-04T16:53:09.764Z] >>> HTTP REQUEST POST https://cloudresourcemanager.googleapis.com/v1/projects/pwagram-48f41:testIamPermissions  

[debug] [2019-10-04T16:53:10.902Z] <<< HTTP RESPONSE 200
[debug] [2019-10-04T16:53:10.906Z] >>> HTTP REQUEST GET https://firebase.googleapis.com/v1beta1/projects/pwagram-48f41  
 
[debug] [2019-10-04T16:53:11.225Z] <<< HTTP RESPONSE 200
[info] 
[info] === Deploying to 'pwagram-48f41'...
[info] 
[info] i  deploying functions, hosting
[info] Running command: npm --prefix "$RESOURCE_DIR" run lint
[info] +  functions: Finished running predeploy script.
[debug] [2019-10-04T16:53:14.573Z] > [functions] package.json contents: {
  "name": "functions",
  "description": "Cloud Functions for Firebase",
  "scripts": {
    "lint": "eslint .",
    "serve": "firebase serve --only functions",
    "shell": "firebase functions:shell",
    "start": "npm run shell",
    "deploy": "firebase deploy --only functions",
    "logs": "firebase functions:log"
  },
  "engines": {
    "node": "8"
  },
  "dependencies": {
    "cors": "^2.8.5",
    "firebase-admin": "^8.6.0",
    "firebase-functions": "^3.1.0"
  },
  "devDependencies": {
    "eslint": "^5.12.0",
    "eslint-plugin-promise": "^4.0.1",
    "firebase-functions-test": "^0.1.6"
  },
  "private": true
}
[info] i  functions: ensuring necessary APIs are enabled...
[debug] [2019-10-04T16:53:14.574Z] >>> HTTP REQUEST GET https://serviceusage.googleapis.com/v1/projects/pwagram-48f41/services/cloudfunctions.googleapis.com  
 
[debug] [2019-10-04T16:53:14.575Z] >>> HTTP REQUEST GET https://serviceusage.googleapis.com/v1/projects/pwagram-48f41/services/runtimeconfig.googleapis.com  
 
[debug] [2019-10-04T16:53:35.671Z] Error: connect ETIMEDOUT 216.58.222.42:443
    at TCPConnectWrap.afterConnect [as oncomplete] (net.js:1126:14)
[error] 
[error] Error: Server Error. connect ETIMEDOUT 216.58.222.42:443
